<?xml version="1.0" encoding="UTF-8"?>
<!-- Generated by org.testng.reporters.JUnitXMLReporter -->
<testsuite ignored="0" hostname="TST-LAP-0326" failures="0" tests="2" name="Uttoron Test Classes" time="44.3" errors="0" timestamp="2025-10-17T12:45:32 IST">
  <testcase classname="uttoronTestClasses.UttoronLoginPageTest" name="UserLogin" time="6.495"/>
  <testcase classname="uttoronTestClasses.UttoronRegisterPageTest" name="verifyUserRegistration" time="19.047"/>
</testsuite> <!-- Uttoron Test Classes -->
