<?xml version="1.0" encoding="UTF-8"?>
<testng-results ignored="0" total="2" passed="2" failed="0" skipped="0">
  <reporter-output>
    <line>
      <![CDATA[Browser launched successfully: Uttoron | Uttoron Bengali Community of Greater Seattle]]>
    </line>
    <line>
      <![CDATA[Navigated to Login page!]]>
    </line>
    <line>
      <![CDATA[Login Sucessfull!]]>
    </line>
    <line>
      <![CDATA[Browser closed successfully!]]>
    </line>
    <line>
      <![CDATA[Browser launched successfully: Uttoron | Uttoron Bengali Community of Greater Seattle]]>
    </line>
    <line>
      <![CDATA[Navigated to Login page!]]>
    </line>
    <line>
      <![CDATA[Login Sucessfull!]]>
    </line>
    <line>
      <![CDATA[
 Clicking on 'Sponsor' under 'Fund Raising'...]]>
    </line>
    <line>
      <![CDATA[The tittle of the page is: Uttoron | Sponsorship 2025]]>
    </line>
    <line>
      <![CDATA[Clicking on Cart link!]]>
    </line>
    <line>
      <![CDATA[Landing on Shopping Cart page.]]>
    </line>
    <line>
      <![CDATA[Browser closed successfully!]]>
    </line>
  </reporter-output>
  <suite started-at="2026-01-20T11:08:07 IST" name="Uttoron Suite" finished-at="2026-01-20T11:09:10 IST" duration-ms="63029">
    <groups>
    </groups>
    <test started-at="2026-01-20T11:08:07 IST" name="Uttoron Test Classes" finished-at="2026-01-20T11:09:10 IST" duration-ms="63029">
      <class name="uttoronTestClasses.UttoronLoginPageTest">
        <test-method is-config="true" signature="browserOpen(java.lang.String)[pri:0, instance:uttoronTestClasses.UttoronLoginPageTest@6eda5c9]" started-at="2026-01-20T11:08:07 IST" name="browserOpen" finished-at="2026-01-20T11:08:18 IST" duration-ms="11015" status="PASS">
          <params>
            <param index="0">
              <value>
                <![CDATA[chrome]]>
              </value>
            </param>
          </params>
          <reporter-output>
            <line>
              <![CDATA[Browser launched successfully: Uttoron | Uttoron Bengali Community of Greater Seattle]]>
            </line>
          </reporter-output>
        </test-method> <!-- browserOpen -->
        <test-method signature="UserLogin()[pri:0, instance:uttoronTestClasses.UttoronLoginPageTest@6eda5c9]" started-at="2026-01-20T11:08:18 IST" name="UserLogin" finished-at="2026-01-20T11:08:25 IST" duration-ms="6635" status="PASS">
          <reporter-output>
            <line>
              <![CDATA[Navigated to Login page!]]>
            </line>
            <line>
              <![CDATA[Login Sucessfull!]]>
            </line>
          </reporter-output>
        </test-method> <!-- UserLogin -->
        <test-method is-config="true" signature="browserClose()[pri:0, instance:uttoronTestClasses.UttoronLoginPageTest@6eda5c9]" started-at="2026-01-20T11:08:25 IST" name="browserClose" finished-at="2026-01-20T11:08:25 IST" duration-ms="680" status="PASS">
          <reporter-output>
            <line>
              <![CDATA[Browser closed successfully!]]>
            </line>
          </reporter-output>
        </test-method> <!-- browserClose -->
      </class> <!-- uttoronTestClasses.UttoronLoginPageTest -->
      <class name="uttoronTestClasses.UttoronSponsorship_Permissible_Quantity">
        <test-method is-config="true" signature="browserOpen(java.lang.String)[pri:0, instance:uttoronTestClasses.UttoronSponsorship_Permissible_Quantity@4567f35d]" started-at="2026-01-20T11:08:25 IST" name="browserOpen" finished-at="2026-01-20T11:08:43 IST" duration-ms="17741" status="PASS">
          <params>
            <param index="0">
              <value>
                <![CDATA[chrome]]>
              </value>
            </param>
          </params>
          <reporter-output>
            <line>
              <![CDATA[Browser launched successfully: Uttoron | Uttoron Bengali Community of Greater Seattle]]>
            </line>
          </reporter-output>
        </test-method> <!-- browserOpen -->
        <test-method signature="Verify_PermissibleLimit()[pri:0, instance:uttoronTestClasses.UttoronSponsorship_Permissible_Quantity@4567f35d]" started-at="2026-01-20T11:08:43 IST" name="Verify_PermissibleLimit" finished-at="2026-01-20T11:09:09 IST" duration-ms="25800" status="PASS">
          <reporter-output>
            <line>
              <![CDATA[Navigated to Login page!]]>
            </line>
            <line>
              <![CDATA[Login Sucessfull!]]>
            </line>
            <line>
              <![CDATA[
 Clicking on 'Sponsor' under 'Fund Raising'...]]>
            </line>
            <line>
              <![CDATA[The tittle of the page is: Uttoron | Sponsorship 2025]]>
            </line>
            <line>
              <![CDATA[Clicking on Cart link!]]>
            </line>
            <line>
              <![CDATA[Landing on Shopping Cart page.]]>
            </line>
          </reporter-output>
        </test-method> <!-- Verify_PermissibleLimit -->
        <test-method is-config="true" signature="browserClose()[pri:0, instance:uttoronTestClasses.UttoronSponsorship_Permissible_Quantity@4567f35d]" started-at="2026-01-20T11:09:09 IST" name="browserClose" finished-at="2026-01-20T11:09:10 IST" duration-ms="852" status="PASS">
          <reporter-output>
            <line>
              <![CDATA[Browser closed successfully!]]>
            </line>
          </reporter-output>
        </test-method> <!-- browserClose -->
      </class> <!-- uttoronTestClasses.UttoronSponsorship_Permissible_Quantity -->
    </test> <!-- Uttoron Test Classes -->
  </suite> <!-- Uttoron Suite -->
</testng-results>
