<?xml version="1.0" encoding="UTF-8"?>
<testsuite xmlns:xsi="http://www.w3.org/2001/XMLSchema-instance" xsi:noNamespaceSchemaLocation="https://maven.apache.org/surefire/maven-surefire-plugin/xsd/surefire-test-report.xsd" version="3.0.2" name="TestSuite" time="65.184" tests="2" errors="0" skipped="0" failures="0">
  <properties>
[...]
</properties>
  <testcase name="UserLogin" classname="uttoronTestClasses.UttoronLoginPageTest" time="10.024">
    <system-out><![CDATA[Browser launched successfully: Uttoron | Uttoron Bengali Community of Greater Seattle
Navigated to Login page!
Login Sucessfull!
]]></system-out>
    <system-err><![CDATA[SLF4J: Failed to load class "org.slf4j.impl.StaticLoggerBinder".
SLF4J: Defaulting to no-operation (NOP) logger implementation
SLF4J: See http://www.slf4j.org/codes.html#StaticLoggerBinder for further details.
Jan 07, 2026 12:34:51 PM org.openqa.selenium.devtools.CdpVersionFinder findNearestMatch
WARNING: Unable to find an exact match for CDP version 143, returning the closest version; found: 139; Please update to a Selenium version that supports CDP version 143
ERROR StatusLogger Log4j2 could not find a logging implementation. Please add log4j-core to the classpath. Using SimpleLogger to log to the console...
]]></system-err>
  </testcase>
  <testcase name="Verify_PermissibleLimit" classname="uttoronTestClasses.UttoronSponsorship_Permissible_Quantity" time="29.885">
    <system-out><![CDATA[Browser closed successfully!
Browser launched successfully: Uttoron | Uttoron Bengali Community of Greater Seattle
Navigated to Login page!
Login Sucessfull!

 Clicking on 'Sponsor' under 'Fund Raising'...
The tittle of the page is: Uttoron | Sponsorship 2025
Quarter Page added to cart successfully
Clicking on Cart link!
You can buy up to 6 number of item(s).
After clicking on the Cart link, 'Your cart is empty' is displayed.
]]></system-out>
    <system-err><![CDATA[Jan 07, 2026 12:35:11 PM org.openqa.selenium.devtools.CdpVersionFinder findNearestMatch
WARNING: Unable to find an exact match for CDP version 143, returning the closest version; found: 139; Please update to a Selenium version that supports CDP version 143
]]></system-err>
  </testcase>
</testsuite>