<?xml version="1.0" encoding="UTF-8"?>
<testng-results ignored="0" total="1" passed="1" failed="0" skipped="0">
  <reporter-output>
  </reporter-output>
  <suite started-at="2025-10-18T22:34:48 IST" name="Uttoron Suite" finished-at="2025-10-18T22:35:12 IST" duration-ms="24530">
    <groups>
    </groups>
    <test started-at="2025-10-18T22:34:48 IST" name="Uttoron Test Classes" finished-at="2025-10-18T22:35:12 IST" duration-ms="24530">
      <class name="uttoronTestClasses.UttoronLoginPageTest">
        <test-method is-config="true" signature="browserOpen()[pri:0, instance:uttoronTestClasses.UttoronLoginPageTest@7a69b07]" started-at="2025-10-18T22:34:48 IST" name="browserOpen" finished-at="2025-10-18T22:35:04 IST" duration-ms="16213" status="PASS">
          <reporter-output>
          </reporter-output>
        </test-method> <!-- browserOpen -->
        <test-method signature="UserLogin()[pri:0, instance:uttoronTestClasses.UttoronLoginPageTest@7a69b07]" started-at="2025-10-18T22:35:04 IST" name="UserLogin" finished-at="2025-10-18T22:35:12 IST" duration-ms="7680" status="PASS">
          <reporter-output>
          </reporter-output>
        </test-method> <!-- UserLogin -->
        <test-method is-config="true" signature="browserClose()[pri:0, instance:uttoronTestClasses.UttoronLoginPageTest@7a69b07]" started-at="2025-10-18T22:35:12 IST" name="browserClose" finished-at="2025-10-18T22:35:12 IST" duration-ms="607" status="PASS">
          <reporter-output>
          </reporter-output>
        </test-method> <!-- browserClose -->
      </class> <!-- uttoronTestClasses.UttoronLoginPageTest -->
    </test> <!-- Uttoron Test Classes -->
  </suite> <!-- Uttoron Suite -->
</testng-results>
