<?xml version="1.0" encoding="UTF-8"?>
<testng-results ignored="0" total="1" passed="1" failed="0" skipped="0">
  <reporter-output>
    <line>
      <![CDATA[Browser launched successfully: Uttoron | Uttoron Bengali Community of Greater Seattle]]>
    </line>
    <line>
      <![CDATA[Navigated to Login page!]]>
    </line>
    <line>
      <![CDATA[Login Sucessfull!]]>
    </line>
    <line>
      <![CDATA[Browser closed successfully!]]>
    </line>
  </reporter-output>
  <suite started-at="2026-01-19T18:19:19 IST" name="Default suite" finished-at="2026-01-19T18:19:36 IST" duration-ms="17007">
    <groups>
    </groups>
    <test started-at="2026-01-19T18:19:19 IST" name="Default test" finished-at="2026-01-19T18:19:36 IST" duration-ms="17007">
      <class name="uttoronTestClasses.UttoronLoginPageTest">
        <test-method is-config="true" signature="browserOpen(java.lang.String)[pri:0, instance:uttoronTestClasses.UttoronLoginPageTest@510f3d34]" started-at="2026-01-19T18:19:19 IST" name="browserOpen" finished-at="2026-01-19T18:19:28 IST" duration-ms="8762" status="PASS">
          <params>
            <param index="0">
              <value>
                <![CDATA[chrome]]>
              </value>
            </param>
          </params>
          <reporter-output>
            <line>
              <![CDATA[Browser launched successfully: Uttoron | Uttoron Bengali Community of Greater Seattle]]>
            </line>
          </reporter-output>
        </test-method> <!-- browserOpen -->
        <test-method signature="UserLogin()[pri:0, instance:uttoronTestClasses.UttoronLoginPageTest@510f3d34]" started-at="2026-01-19T18:19:28 IST" name="UserLogin" finished-at="2026-01-19T18:19:36 IST" duration-ms="7491" status="PASS">
          <reporter-output>
            <line>
              <![CDATA[Navigated to Login page!]]>
            </line>
            <line>
              <![CDATA[Login Sucessfull!]]>
            </line>
          </reporter-output>
        </test-method> <!-- UserLogin -->
        <test-method is-config="true" signature="browserClose()[pri:0, instance:uttoronTestClasses.UttoronLoginPageTest@510f3d34]" started-at="2026-01-19T18:19:36 IST" name="browserClose" finished-at="2026-01-19T18:19:36 IST" duration-ms="586" status="PASS">
          <reporter-output>
            <line>
              <![CDATA[Browser closed successfully!]]>
            </line>
          </reporter-output>
        </test-method> <!-- browserClose -->
      </class> <!-- uttoronTestClasses.UttoronLoginPageTest -->
    </test> <!-- Default test -->
  </suite> <!-- Default suite -->
</testng-results>
