<?xml version="1.0" encoding="UTF-8"?>
<!-- Generated by org.testng.reporters.JUnitXMLReporter -->
<testsuite ignored="0" hostname="TST-LAP-0326" failures="0" tests="2" name="Uttoron Test Classes" time="61.695" errors="0" timestamp="2025-12-30T11:47:02 IST">
  <testcase classname="uttoronTestClasses.UttoronLoginPageTest" name="UserLogin" time="8.894"/>
  <testcase classname="uttoronTestClasses.UttoronLoginPageTest" name="UserLoginFailure" time="13.567"/>
</testsuite> <!-- Uttoron Test Classes -->
