<?xml version="1.0" encoding="UTF-8"?>
<!-- Generated by org.testng.reporters.JUnitXMLReporter -->
<testsuite ignored="0" hostname="TST-LAP-0326" failures="0" tests="2" name="Uttoron Test Classes" time="61.275" errors="0" timestamp="2026-01-20T11:11:11 IST">
  <testcase classname="uttoronTestClasses.UttoronLoginPageTest" name="UserLogin" time="6.321"/>
  <testcase classname="uttoronTestClasses.UttoronSponsorship_Permissible_Quantity" name="Verify_PermissibleLimit" time="33.395"/>
</testsuite> <!-- Uttoron Test Classes -->
