<?xml version="1.0" encoding="UTF-8"?>
<!-- Generated by org.testng.reporters.JUnitXMLReporter -->
<testsuite ignored="0" hostname="TST-LAP-0326" failures="0" tests="2" name="Uttoron Test - Edge" time="59.081" errors="0" timestamp="2026-01-07T13:09:40 IST">
  <testcase classname="uttoronTestClasses.UttoronLoginPageTest" name="UserLogin" time="12.672"/>
  <testcase classname="uttoronTestClasses.UttoronSponsorship_Permissible_Quantity" name="Verify_PermissibleLimit" time="25.173"/>
</testsuite> <!-- Uttoron Test - Edge -->
