<?xml version="1.0" encoding="UTF-8"?>
<!-- Generated by org.testng.reporters.JUnitXMLReporter -->
<testsuite ignored="0" hostname="TST-LAP-0326" failures="1" tests="2" name="Uttoron Test - Firefox" time="43.023" errors="0" timestamp="2026-01-07T13:10:23 IST">
  <testcase classname="uttoronTestClasses.UttoronLoginPageTest" name="UserLogin" time="12.418"/>
  <testcase classname="uttoronTestClasses.UttoronSponsorship_Permissible_Quantity" name="Verify_PermissibleLimit" time="6.151">
    <failure type="org.openqa.selenium.ElementClickInterceptedException" message="Element &amp;lt;a href=&amp;quot;/event/sponsorship-2025&amp;quot;&amp;gt; is not clickable at point (943,126) because another element &amp;lt;a href=&amp;quot;/event/donate&amp;quot;&amp;gt; obscures it
Build info: version: &amp;apos;4.35.0&amp;apos;, revision: &amp;apos;1c58e5028b&amp;apos;
System info: os.name: &amp;apos;Windows 10&amp;apos;, os.arch: &amp;apos;amd64&amp;apos;, os.version: &amp;apos;10.0&amp;apos;, java.version: &amp;apos;17.0.12&amp;apos;
Driver info: org.openqa.selenium.firefox.FirefoxDriver
Command: [08b5849f-132c-4658-98c3-adbe39c9faa9, clickElement {id=6e459e7a-8260-4abd-9589-d647fa5c99e3}]
Capabilities {acceptInsecureCerts: true, browserName: firefox, browserVersion: 146.0.1, moz:accessibilityChecks: false, moz:buildID: 20251217121356, moz:geckodriverVersion: 0.36.0, moz:headless: false, moz:platformVersion: 10.0, moz:processID: 13324, moz:profile: C:\Users\Datacore\AppData\L..., moz:shutdownTimeout: 60000, moz:webdriverClick: true, moz:windowless: false, pageLoadStrategy: normal, platformName: windows, proxy: Proxy(), setWindowRect: true, strictFileInteractability: false, timeouts: {implicit: 0, pageLoad: 300000, script: 30000}, unhandledPromptBehavior: dismiss and notify, userAgent: Mozilla/5.0 (Windows NT 10....}
Element: [[FirefoxDriver: firefox on windows (08b5849f-132c-4658-98c3-adbe39c9faa9)] -&amp;gt; xpath: //ul/li/a[text()=&amp;apos;Fund Raising&amp;apos;]/../ul/li/a[text()=&amp;apos;Sponsor&amp;apos;]]
Session ID: 08b5849f-132c-4658-98c3-adbe39c9faa9">
      <![CDATA[org.openqa.selenium.ElementClickInterceptedException: Element <a href="/event/sponsorship-2025"> is not clickable at point (943,126) because another element <a href="/event/donate"> obscures it
Build info: version: '4.35.0', revision: '1c58e5028b'
System info: os.name: 'Windows 10', os.arch: 'amd64', os.version: '10.0', java.version: '17.0.12'
Driver info: org.openqa.selenium.firefox.FirefoxDriver
Command: [08b5849f-132c-4658-98c3-adbe39c9faa9, clickElement {id=6e459e7a-8260-4abd-9589-d647fa5c99e3}]
Capabilities {acceptInsecureCerts: true, browserName: firefox, browserVersion: 146.0.1, moz:accessibilityChecks: false, moz:buildID: 20251217121356, moz:geckodriverVersion: 0.36.0, moz:headless: false, moz:platformVersion: 10.0, moz:processID: 13324, moz:profile: C:\Users\Datacore\AppData\L..., moz:shutdownTimeout: 60000, moz:webdriverClick: true, moz:windowless: false, pageLoadStrategy: normal, platformName: windows, proxy: Proxy(), setWindowRect: true, strictFileInteractability: false, timeouts: {implicit: 0, pageLoad: 300000, script: 30000}, unhandledPromptBehavior: dismiss and notify, userAgent: Mozilla/5.0 (Windows NT 10....}
Element: [[FirefoxDriver: firefox on windows (08b5849f-132c-4658-98c3-adbe39c9faa9)] -> xpath: //ul/li/a[text()='Fund Raising']/../ul/li/a[text()='Sponsor']]
Session ID: 08b5849f-132c-4658-98c3-adbe39c9faa9
at org.openqa.selenium.remote.ErrorCodec.decode(ErrorCodec.java:167)
at org.openqa.selenium.remote.codec.w3c.W3CHttpResponseCodec.decode(W3CHttpResponseCodec.java:138)
at org.openqa.selenium.remote.codec.w3c.W3CHttpResponseCodec.decode(W3CHttpResponseCodec.java:50)
at org.openqa.selenium.remote.HttpCommandExecutor.execute(HttpCommandExecutor.java:215)
at org.openqa.selenium.remote.service.DriverCommandExecutor.invokeExecute(DriverCommandExecutor.java:216)
at org.openqa.selenium.remote.service.DriverCommandExecutor.execute(DriverCommandExecutor.java:174)
at org.openqa.selenium.remote.RemoteWebDriver.execute(RemoteWebDriver.java:557)
at org.openqa.selenium.remote.RemoteWebElement.execute(RemoteWebElement.java:223)
at org.openqa.selenium.remote.RemoteWebElement.click(RemoteWebElement.java:76)
at org.openqa.selenium.support.pagefactory.internal.LocatingElementHandler.invoke(LocatingElementHandler.java:51)
at jdk.proxy2/jdk.proxy2.$Proxy16.click(Unknown Source)
at uttoronPageclasses.UttoronHomePage.clickSponsorUnderFundRaising(UttoronHomePage.java:89)
at uttoronTestClasses.UttoronSponsorship_Permissible_Quantity.Verify_PermissibleLimit(UttoronSponsorship_Permissible_Quantity.java:40)
at java.base/java.util.ArrayList.forEach(ArrayList.java:1511)
... Removed 36 stack frames]]>
    </failure>
  </testcase> <!-- Verify_PermissibleLimit -->
</testsuite> <!-- Uttoron Test - Firefox -->
