<?xml version="1.0" encoding="UTF-8"?>
<!-- Generated by org.testng.reporters.JUnitXMLReporter -->
<testsuite ignored="0" hostname="TST-LAP-0326" failures="0" tests="2" name="Uttoron Test - Chrome" time="54.596" errors="0" timestamp="2025-12-31T17:13:14 IST">
  <testcase classname="uttoronTestClasses.UttoronLoginPageTest" name="UserLogin" time="7.063"/>
  <testcase classname="uttoronTestClasses.UttoronSponsorship_Permissible_Quantity" name="Verify_PermissibleLimit" time="29.246"/>
</testsuite> <!-- Uttoron Test - Chrome -->
