<?xml version="1.0" encoding="UTF-8"?>
<!-- Generated by org.testng.reporters.JUnitReportReporter -->
<testsuite hostname="TST-LAP-0326" failures="0" tests="1" name="uttoronTestClasses.UttoronDonatePageTest" time="56.522" errors="0" timestamp="2026-02-09T15:23:31 IST" skipped="0">
  <testcase classname="uttoronTestClasses.UttoronDonatePageTest" name="UserLoginAndDonation" time="56.522">
    <system-out>
      <![CDATA[Navigated to Login page!
Login Sucessfull!

 Clicking on 'Donate' under 'Fund Raising'...
The tittle of the page is: Uttoron | Donate]]>
    </system-out>
  </testcase> <!-- UserLoginAndDonation -->
  <system-out>
    <![CDATA[Browser launched successfully: Uttoron | Uttoron Bengali Community of Greater Seattle
Navigated to Login page!
Login Sucessfull!

 Clicking on 'Donate' under 'Fund Raising'...
The tittle of the page is: Uttoron | Donate
Browser closed successfully!]]>
  </system-out>
</testsuite> <!-- uttoronTestClasses.UttoronDonatePageTest -->
