<?xml version="1.0" encoding="UTF-8"?>
<!-- Generated by org.testng.reporters.JUnitReportReporter -->
<testsuite hostname="TST-LAP-0326" failures="0" tests="1" name="uttoronTestClasses.UttoronSponsorship_Permissible_Quantity" time="54.432" errors="0" timestamp="2026-02-09T18:39:12 IST" skipped="0">
  <testcase classname="uttoronTestClasses.UttoronSponsorship_Permissible_Quantity" name="Verify_PermissibleLimit" time="54.432">
    <system-out>
      <![CDATA[Navigated to Login page!
Login Sucessfull!

 Clicking on 'Sponsor' under 'Fund Raising'...
The tittle of the page is: Uttoron | Sponsorship 2025
Clicking on Cart link!
You can buy up to 6 number of item(s).
After clicking on the Cart link, 'Your cart is empty' is displayed.]]>
    </system-out>
  </testcase> <!-- Verify_PermissibleLimit -->
  <system-out>
    <![CDATA[Browser launched successfully: Uttoron | Uttoron Bengali Community of Greater Seattle
Navigated to Login page!
Login Sucessfull!

 Clicking on 'Sponsor' under 'Fund Raising'...
The tittle of the page is: Uttoron | Sponsorship 2025
Clicking on Cart link!
You can buy up to 6 number of item(s).
After clicking on the Cart link, 'Your cart is empty' is displayed.
Browser closed successfully!]]>
  </system-out>
</testsuite> <!-- uttoronTestClasses.UttoronSponsorship_Permissible_Quantity -->
