<?xml version="1.0" encoding="UTF-8"?>
<!-- Generated by org.testng.reporters.JUnitReportReporter -->
<testsuite hostname="TST-LAP-0326" failures="0" tests="1" name="uttoronTestClasses.UttoronMembershipTest" time="57.378" errors="0" timestamp="2025-12-31T16:41:17 IST" skipped="0">
  <testcase classname="uttoronTestClasses.UttoronMembershipTest" name="BecomeMember" time="57.378">
    <system-out>
      <![CDATA[Navigated to Login page!
Login Sucessfull!

 Clicking on 'Become a Member' under 'Membership'...
The title of the page is: Uttoron | Become a member
 Selected Membership Type: Adult
 Selected Age Group: 35-44
Entered First Name: Tonmoy
Entered Last Name: Sen
Entered Email: sen123@yopmail.com
Clicked Finish & Pay
Clicked on Proceed to Pay!
Waiting for PayPal iframe...
Inside PayPal iframe. Looking for button...
PayPal button visible, clicking...
 PayPal button clicked successfully.
Switched to PayPal Window PayPal
Clicking on the button : Pay with Debit or Credit Card!
Passing the email address: watercolour.arijit@gmail.com
Clicked Continue to Payment button
Toggle initial state (isSelected): true
PayPal toggle successfully turned OFF
Clicked on Continue inside PayPal window!
Switched back to main window
page tittle: Uttoron | Thank You]]>
    </system-out>
  </testcase> <!-- BecomeMember -->
  <system-out>
    <![CDATA[Browser launched successfully: Uttoron | Uttoron Bengali Community of Greater Seattle
Navigated to Login page!
Login Sucessfull!

 Clicking on 'Become a Member' under 'Membership'...
The title of the page is: Uttoron | Become a member
 Selected Membership Type: Adult
 Selected Age Group: 35-44
Entered First Name: Tonmoy
Entered Last Name: Sen
Entered Email: sen123@yopmail.com
Clicked Finish & Pay
Clicked on Proceed to Pay!
Waiting for PayPal iframe...
Inside PayPal iframe. Looking for button...
PayPal button visible, clicking...
 PayPal button clicked successfully.
Switched to PayPal Window PayPal
Clicking on the button : Pay with Debit or Credit Card!
Passing the email address: watercolour.arijit@gmail.com
Clicked Continue to Payment button
Toggle initial state (isSelected): true
PayPal toggle successfully turned OFF
Clicked on Continue inside PayPal window!
Switched back to main window
page tittle: Uttoron | Thank You
Browser closed successfully!]]>
  </system-out>
</testsuite> <!-- uttoronTestClasses.UttoronMembershipTest -->
