<?xml version="1.0" encoding="UTF-8"?>
<!-- Generated by org.testng.reporters.JUnitReportReporter -->
<testsuite hostname="TST-LAP-0326" failures="0" tests="1" name="uttoronTestClasses.UttoronRegisterPageTest" time="29.518" errors="0" timestamp="2026-01-19T18:13:31 IST" skipped="0">
  <testcase classname="uttoronTestClasses.UttoronRegisterPageTest" name="verifyUserRegistration" time="29.518">
    <system-out>
      <![CDATA[Navigated to Registration page!
firstname textfield displayed! : Test
lastname textfield displayed! : Automation
email textfield displayed! : watercolour.arijit@gmail.com
Clicked on Register button!
Clicked on Register button!
You are already registered message is displayed.]]>
    </system-out>
  </testcase> <!-- verifyUserRegistration -->
  <system-out>
    <![CDATA[Browser launched successfully: Uttoron | Uttoron Bengali Community of Greater Seattle
Navigated to Registration page!
firstname textfield displayed! : Test
lastname textfield displayed! : Automation
email textfield displayed! : watercolour.arijit@gmail.com
Clicked on Register button!
Clicked on Register button!
You are already registered message is displayed.
Browser closed successfully!]]>
  </system-out>
</testsuite> <!-- uttoronTestClasses.UttoronRegisterPageTest -->
