<?xml version="1.0" encoding="UTF-8"?>
<!-- Generated by org.testng.reporters.JUnitReportReporter -->
<testsuite hostname="TST-LAP-0326" failures="0" tests="1" name="uttoronTestClasses.UttoronSponsorshipTest" time="67.960" errors="0" timestamp="2025-12-30T13:15:23 IST" skipped="0">
  <testcase classname="uttoronTestClasses.UttoronSponsorshipTest" name="UserLoginAndSponsor" time="67.960">
    <system-out>
      <![CDATA[Navigated to Login page!
Login Sucessfull!

 Clicking on 'Sponsor' under 'Fund Raising'...
The tittle of the page is: Uttoron | Sponsorship 2025
Clicking on Cart link!
Clicked on Proceed to Pay!
Waiting for PayPal iframe...
Inside PayPal iframe. Looking for button...
PayPal button visible, clicking...
 PayPal button clicked successfully.
Switched to PayPal Window PayPal
Clicking on the button : Pay with Debit or Credit Card!
Passing the email address: watercolour.arijit@gmail.com
Clicking on the Continue to Payment button!!
Toggle initial state (isSelected): true
PayPal toggle successfully turned OFF]]>
    </system-out>
  </testcase> <!-- UserLoginAndSponsor -->
  <system-out>
    <![CDATA[Browser launched successfully: Uttoron | Uttoron Bengali Community of Greater Seattle
Navigated to Login page!
Login Sucessfull!

 Clicking on 'Sponsor' under 'Fund Raising'...
The tittle of the page is: Uttoron | Sponsorship 2025
Clicking on Cart link!
Clicked on Proceed to Pay!
Waiting for PayPal iframe...
Inside PayPal iframe. Looking for button...
PayPal button visible, clicking...
 PayPal button clicked successfully.
Switched to PayPal Window PayPal
Clicking on the button : Pay with Debit or Credit Card!
Passing the email address: watercolour.arijit@gmail.com
Clicking on the Continue to Payment button!!
Toggle initial state (isSelected): true
PayPal toggle successfully turned OFF
Browser closed successfully!]]>
  </system-out>
</testsuite> <!-- uttoronTestClasses.UttoronSponsorshipTest -->
