<?xml version="1.0" encoding="UTF-8"?>
<!-- Generated by org.testng.reporters.JUnitReportReporter -->
<testsuite hostname="TST-LAP-0326" failures="0" tests="1" name="uttoronTestClasses.UttoronLoginPageTest" time="27.723" errors="0" timestamp="2026-02-09T18:28:14 IST" skipped="0">
  <testcase classname="uttoronTestClasses.UttoronLoginPageTest" name="UserLogin" time="27.723">
    <system-out>
      <![CDATA[Navigated to Login page!
Logout link not displayed !! Login failure expection handled / 'Sorry, unrecognized username or password' message is displayed. ]]>
    </system-out>
  </testcase> <!-- UserLogin -->
  <system-out>
    <![CDATA[Browser launched successfully: Uttoron | Uttoron Bengali Community of Greater Seattle
Navigated to Login page!
Logout link not displayed !! Login failure expection handled / 'Sorry, unrecognized username or password' message is displayed. 
Browser closed successfully!]]>
  </system-out>
</testsuite> <!-- uttoronTestClasses.UttoronLoginPageTest -->
