<?xml version="1.0" encoding="UTF-8"?>
<!-- Generated by org.testng.reporters.JUnitReportReporter -->
<testsuite hostname="TST-LAP-0326" failures="0" tests="2" name="uttoronTestClasses.UttoronRegisterPageDataFetchTest" time="27.323" errors="0" timestamp="2025-12-30T12:00:42 IST" skipped="1">
  <testcase classname="uttoronTestClasses.UttoronRegisterPageDataFetchTest" name="RegistrationDataFromExcel_MultipleUser" time="27.323">
    <system-out>
      <![CDATA[Navigated to Registration page!
firstname textfield displayed! :
lastname textfield displayed! :
email textfield displayed! :]]>
    </system-out>
  </testcase> <!-- RegistrationDataFromExcel_MultipleUser -->
  <testcase classname="uttoronTestClasses.UttoronRegisterPageDataFetchTest" name="RegistrationDataFromExcel_SingleUser">
    <skipped/>
  </testcase> <!-- RegistrationDataFromExcel_SingleUser -->
  <system-out>
    <![CDATA[Browser launched successfully: Uttoron | Uttoron Bengali Community of Greater Seattle
Navigated to Registration page!
firstname textfield displayed! :
lastname textfield displayed! :
email textfield displayed! :
Browser closed successfully!]]>
  </system-out>
</testsuite> <!-- uttoronTestClasses.UttoronRegisterPageDataFetchTest -->
