<?xml version="1.0" encoding="UTF-8"?>
<!-- Generated by org.testng.reporters.JUnitReportReporter -->
<testsuite hostname="TST-LAP-0326" failures="0" tests="2" name="uttoronTestClasses.UttoronLoginPageTest" time="35.484" errors="0" timestamp="2026-02-10T11:18:31 IST" skipped="0">
  <testcase classname="uttoronTestClasses.UttoronLoginPageTest" name="UserLoginByValid" time="15.564">
    <system-out>
      <![CDATA[Navigated to Login page!
Login Sucessfull!]]>
    </system-out>
  </testcase> <!-- UserLoginByValid -->
  <testcase classname="uttoronTestClasses.UttoronLoginPageTest" name="UserLoginByInValid" time="19.920">
    <system-out>
      <![CDATA[Navigated to Login page!
Logout link not displayed !! Login failure expection handled / 'Sorry, unrecognized username or password' message is displayed. ]]>
    </system-out>
  </testcase> <!-- UserLoginByInValid -->
  <system-out>
    <![CDATA[Browser launched successfully: Uttoron | Uttoron Bengali Community of Greater Seattle
Navigated to Login page!
Login Sucessfull!
Browser closed successfully!
Browser launched successfully: Uttoron | Uttoron Bengali Community of Greater Seattle
Navigated to Login page!
Logout link not displayed !! Login failure expection handled / 'Sorry, unrecognized username or password' message is displayed. 
Browser closed successfully!]]>
  </system-out>
</testsuite> <!-- uttoronTestClasses.UttoronLoginPageTest -->
