<?xml version="1.0" encoding="UTF-8"?>
<!-- Generated by org.testng.reporters.JUnitReportReporter -->
<testsuite hostname="TST-LAP-0326" failures="0" tests="6" name="uttoronTestClasses.UttoronMultiUserRegistration" time="102.050" errors="0" timestamp="2026-01-02T18:12:58 IST" skipped="0">
  <testcase classname="uttoronTestClasses.UttoronMultiUserRegistration" name="RegistrationDataFromExcel_MultipleUser" time="28.763">
    <system-out>
      <![CDATA[Navigated to Registration page!
firstname textfield displayed! : Aditi 
lastname textfield displayed! : Dhar
email textfield displayed! : testuttoronuser2@yopmail.com
Clicked on Register button!]]>
    </system-out>
  </testcase> <!-- RegistrationDataFromExcel_MultipleUser -->
  <testcase classname="uttoronTestClasses.UttoronMultiUserRegistration" name="RegistrationDataFromExcel_MultipleUser" time="10.728">
    <system-out>
      <![CDATA[Navigated to Registration page!
firstname textfield displayed! : Arijit
lastname textfield displayed! : Chattopadhyay
email textfield displayed! : testuttoronuser2@yopmail.com
Clicked on Register button!]]>
    </system-out>
  </testcase> <!-- RegistrationDataFromExcel_MultipleUser -->
  <testcase classname="uttoronTestClasses.UttoronMultiUserRegistration" name="RegistrationDataFromExcel_MultipleUser" time="12.437">
    <system-out>
      <![CDATA[Navigated to Registration page!
firstname textfield displayed! : Anirup
lastname textfield displayed! : Das
email textfield displayed! : testuttoronuser2@yopmail.com
Clicked on Register button!]]>
    </system-out>
  </testcase> <!-- RegistrationDataFromExcel_MultipleUser -->
  <testcase classname="uttoronTestClasses.UttoronMultiUserRegistration" name="RegistrationDataFromExcel_MultipleUser" time="10.199">
    <system-out>
      <![CDATA[Navigated to Registration page!
firstname textfield displayed! : Boudhayan
lastname textfield displayed! :  Mukherjee
email textfield displayed! : testuttoronuser1@yopmail.com
Clicked on Register button!]]>
    </system-out>
  </testcase> <!-- RegistrationDataFromExcel_MultipleUser -->
  <testcase classname="uttoronTestClasses.UttoronMultiUserRegistration" name="RegistrationDataFromExcel_MultipleUser" time="22.093">
    <system-out>
      <![CDATA[Navigated to Registration page!
firstname textfield displayed! : Ayanava
lastname textfield displayed! : De
email textfield displayed! : testuttoronuser2@yopmail.com
Clicked on Register button!]]>
    </system-out>
  </testcase> <!-- RegistrationDataFromExcel_MultipleUser -->
  <testcase classname="uttoronTestClasses.UttoronMultiUserRegistration" name="RegistrationDataFromExcel_MultipleUser" time="17.830">
    <system-out>
      <![CDATA[Navigated to Registration page!
firstname textfield displayed! : Subrata
lastname textfield displayed! : Koner
email textfield displayed! : testuttoronuser2@yopmail.com
Clicked on Register button!]]>
    </system-out>
  </testcase> <!-- RegistrationDataFromExcel_MultipleUser -->
  <system-out>
    <![CDATA[Browser launched successfully: Uttoron | Uttoron Bengali Community of Greater Seattle
Navigated to Registration page!
firstname textfield displayed! : Boudhayan
lastname textfield displayed! :  Mukherjee
email textfield displayed! : testuttoronuser1@yopmail.com
Clicked on Register button!
Browser closed successfully!
Browser launched successfully: Uttoron | Uttoron Bengali Community of Greater Seattle
Navigated to Registration page!
firstname textfield displayed! : Arijit
lastname textfield displayed! : Chattopadhyay
email textfield displayed! : testuttoronuser2@yopmail.com
Clicked on Register button!
Browser closed successfully!
Browser launched successfully: Uttoron | Uttoron Bengali Community of Greater Seattle
Navigated to Registration page!
firstname textfield displayed! : Anirup
lastname textfield displayed! : Das
email textfield displayed! : testuttoronuser2@yopmail.com
Clicked on Register button!
Browser closed successfully!
Browser launched successfully: Uttoron | Uttoron Bengali Community of Greater Seattle
Navigated to Registration page!
firstname textfield displayed! : Ayanava
lastname textfield displayed! : De
email textfield displayed! : testuttoronuser2@yopmail.com
Clicked on Register button!
Browser closed successfully!
Browser launched successfully: Uttoron | Uttoron Bengali Community of Greater Seattle
Navigated to Registration page!
firstname textfield displayed! : Subrata
lastname textfield displayed! : Koner
email textfield displayed! : testuttoronuser2@yopmail.com
Clicked on Register button!
Browser closed successfully!
Browser launched successfully: Uttoron | Uttoron Bengali Community of Greater Seattle
Navigated to Registration page!
firstname textfield displayed! : Aditi 
lastname textfield displayed! : Dhar
email textfield displayed! : testuttoronuser2@yopmail.com
Clicked on Register button!
Browser closed successfully!]]>
  </system-out>
</testsuite> <!-- uttoronTestClasses.UttoronMultiUserRegistration -->
