<?xml version="1.0" encoding="UTF-8"?>
<!-- Generated by org.testng.reporters.JUnitReportReporter -->
<testsuite hostname="TST-LAP-0326" failures="0" tests="6" name="uttoronTestClasses.UttoronMultiUserRegistration" time="83.876" errors="0" timestamp="2026-02-09T18:34:19 IST" skipped="0">
  <testcase classname="uttoronTestClasses.UttoronMultiUserRegistration" name="RegistrationDataFromExcel_MultipleUser" time="12.941">
    <system-out>
      <![CDATA[Navigated to Registration page!
firstname textfield displayed! : Anirup
lastname textfield displayed! : Das
email textfield displayed! : aniruputtoronuser3@yopmail.com
Clicked on Register button!]]>
    </system-out>
  </testcase> <!-- RegistrationDataFromExcel_MultipleUser -->
  <testcase classname="uttoronTestClasses.UttoronMultiUserRegistration" name="RegistrationDataFromExcel_MultipleUser" time="12.732">
    <system-out>
      <![CDATA[Navigated to Registration page!
firstname textfield displayed! : Boudhayan
lastname textfield displayed! :  Mukherjee
email textfield displayed! : boudhayanuttoronuser1@yopmail.com
Clicked on Register button!]]>
    </system-out>
  </testcase> <!-- RegistrationDataFromExcel_MultipleUser -->
  <testcase classname="uttoronTestClasses.UttoronMultiUserRegistration" name="RegistrationDataFromExcel_MultipleUser" time="17.167">
    <system-out>
      <![CDATA[Navigated to Registration page!
firstname textfield displayed! : Aditi 
lastname textfield displayed! : Dhar
email textfield displayed! : aditiuttoronuser6@yopmail.com
Clicked on Register button!]]>
    </system-out>
  </testcase> <!-- RegistrationDataFromExcel_MultipleUser -->
  <testcase classname="uttoronTestClasses.UttoronMultiUserRegistration" name="RegistrationDataFromExcel_MultipleUser" time="11.640">
    <system-out>
      <![CDATA[Navigated to Registration page!
firstname textfield displayed! : Ayanava
lastname textfield displayed! : De
email textfield displayed! : ayanavauttoronuser4@yopmail.com
Clicked on Register button!]]>
    </system-out>
  </testcase> <!-- RegistrationDataFromExcel_MultipleUser -->
  <testcase classname="uttoronTestClasses.UttoronMultiUserRegistration" name="RegistrationDataFromExcel_MultipleUser" time="15.526">
    <system-out>
      <![CDATA[Navigated to Registration page!
firstname textfield displayed! : Subrata
lastname textfield displayed! : Koner
email textfield displayed! : subratauttoronuser5@yopmail.com
Clicked on Register button!]]>
    </system-out>
  </testcase> <!-- RegistrationDataFromExcel_MultipleUser -->
  <testcase classname="uttoronTestClasses.UttoronMultiUserRegistration" name="RegistrationDataFromExcel_MultipleUser" time="13.870">
    <system-out>
      <![CDATA[Navigated to Registration page!
firstname textfield displayed! : Arijit
lastname textfield displayed! : Chatterjee
email textfield displayed! : arijituttoronuser2@yopmail.com
Clicked on Register button!]]>
    </system-out>
  </testcase> <!-- RegistrationDataFromExcel_MultipleUser -->
  <system-out>
    <![CDATA[Browser launched successfully: Uttoron | Uttoron Bengali Community of Greater Seattle
Navigated to Registration page!
firstname textfield displayed! : Boudhayan
lastname textfield displayed! :  Mukherjee
email textfield displayed! : boudhayanuttoronuser1@yopmail.com
Clicked on Register button!
Browser closed successfully!
Browser launched successfully: Uttoron | Uttoron Bengali Community of Greater Seattle
Navigated to Registration page!
firstname textfield displayed! : Arijit
lastname textfield displayed! : Chatterjee
email textfield displayed! : arijituttoronuser2@yopmail.com
Clicked on Register button!
Browser closed successfully!
Browser launched successfully: Uttoron | Uttoron Bengali Community of Greater Seattle
Navigated to Registration page!
firstname textfield displayed! : Anirup
lastname textfield displayed! : Das
email textfield displayed! : aniruputtoronuser3@yopmail.com
Clicked on Register button!
Browser closed successfully!
Browser launched successfully: Uttoron | Uttoron Bengali Community of Greater Seattle
Navigated to Registration page!
firstname textfield displayed! : Ayanava
lastname textfield displayed! : De
email textfield displayed! : ayanavauttoronuser4@yopmail.com
Clicked on Register button!
Browser closed successfully!
Browser launched successfully: Uttoron | Uttoron Bengali Community of Greater Seattle
Navigated to Registration page!
firstname textfield displayed! : Subrata
lastname textfield displayed! : Koner
email textfield displayed! : subratauttoronuser5@yopmail.com
Clicked on Register button!
Browser closed successfully!
Browser launched successfully: Uttoron | Uttoron Bengali Community of Greater Seattle
Navigated to Registration page!
firstname textfield displayed! : Aditi 
lastname textfield displayed! : Dhar
email textfield displayed! : aditiuttoronuser6@yopmail.com
Clicked on Register button!
Browser closed successfully!]]>
  </system-out>
</testsuite> <!-- uttoronTestClasses.UttoronMultiUserRegistration -->
