<?xml version="1.0" encoding="UTF-8"?>
<!-- Generated by org.testng.reporters.JUnitReportReporter -->
<testsuite hostname="TST-LAP-0326" failures="0" tests="1" name="uttoronTestClasses.UttoronRegisterPageDataFetchTest" time="14.277" errors="0" timestamp="2026-01-02T17:36:28 IST" skipped="0">
  <testcase classname="uttoronTestClasses.UttoronRegisterPageDataFetchTest" name="RegistrationDataFromExcel_MultipleUser" time="14.277">
    <system-out>
      <![CDATA[Navigated to Registration page!
firstname textfield displayed! : 
lastname textfield displayed! : 
email textfield displayed! : 
Clicked on Register button!]]>
    </system-out>
  </testcase> <!-- RegistrationDataFromExcel_MultipleUser -->
  <system-out>
    <![CDATA[Browser launched successfully: Uttoron | Uttoron Bengali Community of Greater Seattle
Navigated to Registration page!
firstname textfield displayed! : 
lastname textfield displayed! : 
email textfield displayed! : 
Clicked on Register button!
Browser closed successfully!]]>
  </system-out>
</testsuite> <!-- uttoronTestClasses.UttoronRegisterPageDataFetchTest -->
