<?xml version="1.0" encoding="UTF-8"?>
<!-- Generated by org.testng.reporters.JUnitReportReporter -->
<testsuite hostname="TST-LAP-0326" failures="0" tests="1" name="uttoronTestClasses.UttoronSponsorship_Permissible_Quantity" time="44.393" errors="0" timestamp="2026-01-20T11:09:12 IST" skipped="0">
  <testcase classname="uttoronTestClasses.UttoronSponsorship_Permissible_Quantity" name="Verify_PermissibleLimit" time="44.393">
    <system-out>
      <![CDATA[Navigated to Login page!
Login Sucessfull!

 Clicking on 'Sponsor' under 'Fund Raising'...
The tittle of the page is: Uttoron | Sponsorship 2025
Clicking on Cart link!
Landing on Shopping Cart page.]]>
    </system-out>
  </testcase> <!-- Verify_PermissibleLimit -->
  <system-out>
    <![CDATA[Browser launched successfully: Uttoron | Uttoron Bengali Community of Greater Seattle
Navigated to Login page!
Login Sucessfull!
Browser closed successfully!
Browser launched successfully: Uttoron | Uttoron Bengali Community of Greater Seattle
Navigated to Login page!
Login Sucessfull!

 Clicking on 'Sponsor' under 'Fund Raising'...
The tittle of the page is: Uttoron | Sponsorship 2025
Clicking on Cart link!
Landing on Shopping Cart page.
Browser closed successfully!]]>
  </system-out>
</testsuite> <!-- uttoronTestClasses.UttoronSponsorship_Permissible_Quantity -->
